PLINK v1.90b6.21 64-bit (19 Oct 2020)
Options in effect:
  --bfile E10
  --exclude fail_missingness.txt
  --make-bed
  --out E11

Hostname: IR-BIOINF02
Working directory: /home/blobato/nextflow_scripts/snpQT/work/e7/ce80bcc73e9bb4085490b38f37be96
Start time: Tue Sep  3 11:23:27 2024

Random number seed: 1725355407
128830 MB RAM detected; reserving 64415 MB for main workspace.
2612 variants loaded from .bim file.
48 people (0 males, 48 females) loaded from .fam.
48 phenotype values loaded from .fam.
--exclude: 2612 variants remaining.
Using 1 thread (no multithreaded calculations invoked).
Before main variant filters, 48 founders and 0 nonfounders present.
Calculating allele frequencies... done.
2612 variants and 48 people pass filters and QC.
Among remaining phenotypes, 22 are cases and 26 are controls.
--make-bed to E11.bed + E11.bim + E11.fam ... done.

End time: Tue Sep  3 11:23:27 2024
